# JRE version: OpenJDK Runtime Environment (11.0.8+10) (build 11.0.8+10-b944.6842174)
# Java VM: OpenJDK 64-Bit Server VM (11.0.8+10-b944.6842174, mixed mode, tiered, compressed oops, g1 gc, windows-amd64)
Heap:
 garbage-first heap   total 260096K, used 166354K [0x00000000a0000000, 0x0000000100000000)
  region size 1024K, 32 young (32768K), 9 survivors (9216K)
 Metaspace       used 105368K, capacity 108233K, committed 108844K, reserved 1144832K
  class space    used 13224K, capacity 14238K, committed 14464K, reserved 1048576K
GC Heap History (20 events):
Event: 18.972 GC heap before
{Heap before GC invocations=17 (full 0):
 garbage-first heap   total 260096K, used 199315K [0x00000000a0000000, 0x0000000100000000)
  region size 1024K, 88 young (90112K), 4 survivors (4096K)
 Metaspace       used 100048K, capacity 102886K, committed 102956K, reserved 1138688K
  class space    used 12898K, capacity 13945K, committed 13952K, reserved 1048576K
}
Event: 18.976 GC heap after
{Heap after GC invocations=18 (full 0):
 garbage-first heap   total 260096K, used 111519K [0x00000000a0000000, 0x0000000100000000)
  region size 1024K, 5 young (5120K), 5 survivors (5120K)
 Metaspace       used 100048K, capacity 102886K, committed 102956K, reserved 1138688K
  class space    used 12898K, capacity 13945K, committed 13952K, reserved 1048576K
}
Event: 5160.053 GC heap before
{Heap before GC invocations=18 (full 0):
 garbage-first heap   total 260096K, used 199583K [0x00000000a0000000, 0x0000000100000000)
  region size 1024K, 91 young (93184K), 5 survivors (5120K)
 Metaspace       used 104304K, capacity 107326K, committed 107436K, reserved 1142784K
  class space    used 13231K, capacity 14290K, committed 14336K, reserved 1048576K
}
Event: 5160.059 GC heap after
{Heap after GC invocations=19 (full 0):
 garbage-first heap   total 260096K, used 112582K [0x00000000a0000000, 0x0000000100000000)
  region size 1024K, 6 young (6144K), 6 survivors (6144K)
 Metaspace       used 104304K, capacity 107326K, committed 107436K, reserved 1142784K
  class space    used 13231K, capacity 14290K, committed 14336K, reserved 1048576K
}
Event: 8273.104 GC heap before
{Heap before GC invocations=19 (full 0):
 garbage-first heap   total 260096K, used 203718K [0x00000000a0000000, 0x0000000100000000)
  region size 1024K, 95 young (97280K), 6 survivors (6144K)
 Metaspace       used 104349K, capacity 107390K, committed 107436K, reserved 1142784K
  class space    used 13233K, capacity 14290K, committed 14336K, reserved 1048576K
}
Event: 8273.122 GC heap after
{Heap after GC invocations=20 (full 0):
 garbage-first heap   total 260096K, used 111958K [0x00000000a0000000, 0x0000000100000000)
  region size 1024K, 5 young (5120K), 5 survivors (5120K)
 Metaspace       used 104349K, capacity 107390K, committed 107436K, reserved 1142784K
  class space    used 13233K, capacity 14290K, committed 14336K, reserved 1048576K
}
Event: 9319.730 GC heap before
{Heap before GC invocations=20 (full 0):
 garbage-first heap   total 260096K, used 208214K [0x00000000a0000000, 0x0000000100000000)
  region size 1024K, 98 young (100352K), 5 survivors (5120K)
 Metaspace       used 105245K, capacity 108252K, committed 108460K, reserved 1142784K
  class space    used 13280K, capacity 14325K, committed 14336K, reserved 1048576K
}
Event: 9319.761 GC heap after
{Heap after GC invocations=21 (full 0):
 garbage-first heap   total 260096K, used 126033K [0x00000000a0000000, 0x0000000100000000)
  region size 1024K, 13 young (13312K), 13 survivors (13312K)
 Metaspace       used 105245K, capacity 108252K, committed 108460K, reserved 1142784K
  class space    used 13280K, capacity 14325K, committed 14336K, reserved 1048576K
}
Event: 9319.926 GC heap before
{Heap before GC invocations=21 (full 0):
 garbage-first heap   total 260096K, used 147537K [0x00000000a0000000, 0x0000000100000000)
  region size 1024K, 33 young (33792K), 13 survivors (13312K)
 Metaspace       used 105331K, capacity 108321K, committed 108460K, reserved 1142784K
  class space    used 13285K, capacity 14327K, committed 14336K, reserved 1048576K
}
Event: 9319.959 GC heap after
{Heap after GC invocations=22 (full 0):
 garbage-first heap   total 260096K, used 133841K [0x00000000a0000000, 0x0000000100000000)
  region size 1024K, 6 young (6144K), 6 survivors (6144K)
 Metaspace       used 105331K, capacity 108321K, committed 108460K, reserved 1142784K
  class space    used 13285K, capacity 14327K, committed 14336K, reserved 1048576K
}
Event: 9321.342 GC heap before
{Heap before GC invocations=23 (full 0):
 garbage-first heap   total 260096K, used 181969K [0x00000000a0000000, 0x0000000100000000)
  region size 1024K, 56 young (57344K), 6 survivors (6144K)
 Metaspace       used 104384K, capacity 107188K, committed 108460K, reserved 1142784K
  class space    used 13132K, capacity 14102K, committed 14336K, reserved 1048576K
}
Event: 9321.351 GC heap after
{Heap after GC invocations=24 (full 0):
 garbage-first heap   total 260096K, used 127258K [0x00000000a0000000, 0x0000000100000000)
  region size 1024K, 5 young (5120K), 5 survivors (5120K)
 Metaspace       used 104384K, capacity 107188K, committed 108460K, reserved 1142784K
  class space    used 13132K, capacity 14102K, committed 14336K, reserved 1048576K
}
Event: 9321.378 GC heap before
{Heap before GC invocations=24 (full 0):
 garbage-first heap   total 260096K, used 134426K [0x00000000a0000000, 0x0000000100000000)
  region size 1024K, 12 young (12288K), 5 survivors (5120K)
 Metaspace       used 104388K, capacity 107189K, committed 108460K, reserved 1142784K
  class space    used 13132K, capacity 14102K, committed 14336K, reserved 1048576K
}
Event: 9321.387 GC heap after
{Heap after GC invocations=25 (full 0):
 garbage-first heap   total 260096K, used 102361K [0x00000000a0000000, 0x0000000100000000)
  region size 1024K, 2 young (2048K), 2 survivors (2048K)
 Metaspace       used 104388K, capacity 107189K, committed 108460K, reserved 1142784K
  class space    used 13132K, capacity 14102K, committed 14336K, reserved 1048576K
}
Event: 9321.515 GC heap before
{Heap before GC invocations=25 (full 0):
 garbage-first heap   total 260096K, used 111577K [0x00000000a0000000, 0x0000000100000000)
  region size 1024K, 12 young (12288K), 2 survivors (2048K)
 Metaspace       used 104394K, capacity 107189K, committed 108460K, reserved 1142784K
  class space    used 13132K, capacity 14102K, committed 14336K, reserved 1048576K
}
Event: 9321.520 GC heap after
{Heap after GC invocations=26 (full 0):
 garbage-first heap   total 260096K, used 98958K [0x00000000a0000000, 0x0000000100000000)
  region size 1024K, 1 young (1024K), 1 survivors (1024K)
 Metaspace       used 104394K, capacity 107189K, committed 108460K, reserved 1142784K
  class space    used 13132K, capacity 14102K, committed 14336K, reserved 1048576K
}
Event: 9322.356 GC heap before
{Heap before GC invocations=26 (full 0):
 garbage-first heap   total 260096K, used 184974K [0x00000000a0000000, 0x0000000100000000)
  region size 1024K, 73 young (74752K), 1 survivors (1024K)
 Metaspace       used 104643K, capacity 107588K, committed 108460K, reserved 1142784K
  class space    used 13148K, capacity 14174K, committed 14336K, reserved 1048576K
}
Event: 9322.376 GC heap after
{Heap after GC invocations=27 (full 0):
 garbage-first heap   total 260096K, used 127155K [0x00000000a0000000, 0x0000000100000000)
  region size 1024K, 10 young (10240K), 10 survivors (10240K)
 Metaspace       used 104643K, capacity 107588K, committed 108460K, reserved 1142784K
  class space    used 13148K, capacity 14174K, committed 14336K, reserved 1048576K
}
Event: 9322.615 GC heap before
{Heap before GC invocations=27 (full 0):
 garbage-first heap   total 260096K, used 184499K [0x00000000a0000000, 0x0000000100000000)
  region size 1024K, 66 young (67584K), 10 survivors (10240K)
 Metaspace       used 105345K, capacity 108229K, committed 108844K, reserved 1144832K
  class space    used 13224K, capacity 14238K, committed 14464K, reserved 1048576K
}
Event: 9322.648 GC heap after
{Heap after GC invocations=28 (full 0):
 garbage-first heap   total 260096K, used 143826K [0x00000000a0000000, 0x0000000100000000)
  region size 1024K, 9 young (9216K), 9 survivors (9216K)
 Metaspace       used 105345K, capacity 108229K, committed 108844K, reserved 1144832K
  class space    used 13224K, capacity 14238K, committed 14464K, reserved 1048576K
}

